<?xml version="1.0" encoding="UTF-8"?>
<testsuite xmlns:xsi="http://www.w3.org/2001/XMLSchema-instance" xsi:noNamespaceSchemaLocation="https://maven.apache.org/surefire/maven-surefire-plugin/xsd/surefire-test-report.xsd" name="pro.vinyard.project.entity.peristence.CPCarTest" time="7.154" tests="10" errors="0" skipped="0" failures="0">
  <properties>
    <property name="gopherProxySet" value="false"/>
    <property name="awt.toolkit" value="sun.lwawt.macosx.LWCToolkit"/>
    <property name="java.specification.version" value="10"/>
    <property name="file.encoding.pkg" value="sun.io"/>
    <property name="sun.cpu.isalist" value=""/>
    <property name="sun.jnu.encoding" value="UTF-8"/>
    <property name="java.class.path" value="/Users/VinYarD/Documents/ISTIC/M1/S2/IPR/kilofees/KFHibernate/target/test-classes:/Users/VinYarD/Documents/ISTIC/M1/S2/IPR/kilofees/KFHibernate/target/classes:/Users/VinYarD/.m2/repository/org/hibernate/hibernate-entitymanager/5.3.6.Final/hibernate-entitymanager-5.3.6.Final.jar:/Users/VinYarD/.m2/repository/org/jboss/logging/jboss-logging/3.3.2.Final/jboss-logging-3.3.2.Final.jar:/Users/VinYarD/.m2/repository/org/hibernate/hibernate-core/5.3.6.Final/hibernate-core-5.3.6.Final.jar:/Users/VinYarD/.m2/repository/org/javassist/javassist/3.23.1-GA/javassist-3.23.1-GA.jar:/Users/VinYarD/.m2/repository/antlr/antlr/2.7.7/antlr-2.7.7.jar:/Users/VinYarD/.m2/repository/org/jboss/jandex/2.0.5.Final/jandex-2.0.5.Final.jar:/Users/VinYarD/.m2/repository/com/fasterxml/classmate/1.3.4/classmate-1.3.4.jar:/Users/VinYarD/.m2/repository/javax/activation/javax.activation-api/1.2.0/javax.activation-api-1.2.0.jar:/Users/VinYarD/.m2/repository/dom4j/dom4j/1.6.1/dom4j-1.6.1.jar:/Users/VinYarD/.m2/repository/org/hibernate/common/hibernate-commons-annotations/5.0.4.Final/hibernate-commons-annotations-5.0.4.Final.jar:/Users/VinYarD/.m2/repository/javax/persistence/javax.persistence-api/2.2/javax.persistence-api-2.2.jar:/Users/VinYarD/.m2/repository/net/bytebuddy/byte-buddy/1.8.17/byte-buddy-1.8.17.jar:/Users/VinYarD/.m2/repository/org/jboss/spec/javax/transaction/jboss-transaction-api_1.2_spec/1.1.1.Final/jboss-transaction-api_1.2_spec-1.1.1.Final.jar:/Users/VinYarD/.m2/repository/org/slf4j/slf4j-api/1.7.25/slf4j-api-1.7.25.jar:/Users/VinYarD/.m2/repository/postgresql/postgresql/9.1-901-1.jdbc4/postgresql-9.1-901-1.jdbc4.jar:/Users/VinYarD/.m2/repository/com/google/code/geocoder-java/geocoder-java/0.15/geocoder-java-0.15.jar:/Users/VinYarD/.m2/repository/commons-httpclient/commons-httpclient/3.1/commons-httpclient-3.1.jar:/Users/VinYarD/.m2/repository/commons-logging/commons-logging/1.0.4/commons-logging-1.0.4.jar:/Users/VinYarD/.m2/repository/commons-codec/commons-codec/1.2/commons-codec-1.2.jar:/Users/VinYarD/.m2/repository/com/google/code/gson/gson/1.7.2/gson-1.7.2.jar:/Users/VinYarD/.m2/repository/org/codehaus/jackson/jackson-core-asl/1.9.13/jackson-core-asl-1.9.13.jar:/Users/VinYarD/.m2/repository/org/codehaus/jackson/jackson-mapper-asl/1.9.13/jackson-mapper-asl-1.9.13.jar:/Users/VinYarD/.m2/repository/org/junit/jupiter/junit-jupiter-api/5.0.3/junit-jupiter-api-5.0.3.jar:/Users/VinYarD/.m2/repository/org/apiguardian/apiguardian-api/1.0.0/apiguardian-api-1.0.0.jar:/Users/VinYarD/.m2/repository/org/opentest4j/opentest4j/1.0.0/opentest4j-1.0.0.jar:/Users/VinYarD/.m2/repository/org/junit/platform/junit-platform-commons/1.0.3/junit-platform-commons-1.0.3.jar:/Users/VinYarD/.m2/repository/javax/xml/bind/jaxb-api/2.3.0/jaxb-api-2.3.0.jar:/Users/VinYarD/.m2/repository/junit/junit/4.11/junit-4.11.jar:/Users/VinYarD/.m2/repository/org/hamcrest/hamcrest-core/1.3/hamcrest-core-1.3.jar:"/>
    <property name="java.vm.vendor" value="&quot;Oracle Corporation&quot;"/>
    <property name="sun.arch.data.model" value="64"/>
    <property name="java.vendor.url" value="http://java.oracle.com/"/>
    <property name="user.timezone" value=""/>
    <property name="java.vm.specification.version" value="10"/>
    <property name="os.name" value="Mac OS X"/>
    <property name="sun.java.launcher" value="SUN_STANDARD"/>
    <property name="user.country" value="FR"/>
    <property name="sun.boot.library.path" value="/Library/Java/JavaVirtualMachines/jdk-10.jdk/Contents/Home/lib"/>
    <property name="sun.java.command" value="/Users/VinYarD/Documents/ISTIC/M1/S2/IPR/kilofees/KFHibernate/target/surefire/surefirebooter17361776622696226194.jar /Users/VinYarD/Documents/ISTIC/M1/S2/IPR/kilofees/KFHibernate/target/surefire 2018-09-18T09-41-54_896-jvmRun1 surefire3732905756046914048tmp surefire_014390939601787401277tmp"/>
    <property name="http.nonProxyHosts" value="local|*.local|169.254/16|*.169.254/16"/>
    <property name="jdk.debug" value="release"/>
    <property name="surefire.test.class.path" value="/Users/VinYarD/Documents/ISTIC/M1/S2/IPR/kilofees/KFHibernate/target/test-classes:/Users/VinYarD/Documents/ISTIC/M1/S2/IPR/kilofees/KFHibernate/target/classes:/Users/VinYarD/.m2/repository/org/hibernate/hibernate-entitymanager/5.3.6.Final/hibernate-entitymanager-5.3.6.Final.jar:/Users/VinYarD/.m2/repository/org/jboss/logging/jboss-logging/3.3.2.Final/jboss-logging-3.3.2.Final.jar:/Users/VinYarD/.m2/repository/org/hibernate/hibernate-core/5.3.6.Final/hibernate-core-5.3.6.Final.jar:/Users/VinYarD/.m2/repository/org/javassist/javassist/3.23.1-GA/javassist-3.23.1-GA.jar:/Users/VinYarD/.m2/repository/antlr/antlr/2.7.7/antlr-2.7.7.jar:/Users/VinYarD/.m2/repository/org/jboss/jandex/2.0.5.Final/jandex-2.0.5.Final.jar:/Users/VinYarD/.m2/repository/com/fasterxml/classmate/1.3.4/classmate-1.3.4.jar:/Users/VinYarD/.m2/repository/javax/activation/javax.activation-api/1.2.0/javax.activation-api-1.2.0.jar:/Users/VinYarD/.m2/repository/dom4j/dom4j/1.6.1/dom4j-1.6.1.jar:/Users/VinYarD/.m2/repository/org/hibernate/common/hibernate-commons-annotations/5.0.4.Final/hibernate-commons-annotations-5.0.4.Final.jar:/Users/VinYarD/.m2/repository/javax/persistence/javax.persistence-api/2.2/javax.persistence-api-2.2.jar:/Users/VinYarD/.m2/repository/net/bytebuddy/byte-buddy/1.8.17/byte-buddy-1.8.17.jar:/Users/VinYarD/.m2/repository/org/jboss/spec/javax/transaction/jboss-transaction-api_1.2_spec/1.1.1.Final/jboss-transaction-api_1.2_spec-1.1.1.Final.jar:/Users/VinYarD/.m2/repository/org/slf4j/slf4j-api/1.7.25/slf4j-api-1.7.25.jar:/Users/VinYarD/.m2/repository/postgresql/postgresql/9.1-901-1.jdbc4/postgresql-9.1-901-1.jdbc4.jar:/Users/VinYarD/.m2/repository/com/google/code/geocoder-java/geocoder-java/0.15/geocoder-java-0.15.jar:/Users/VinYarD/.m2/repository/commons-httpclient/commons-httpclient/3.1/commons-httpclient-3.1.jar:/Users/VinYarD/.m2/repository/commons-logging/commons-logging/1.0.4/commons-logging-1.0.4.jar:/Users/VinYarD/.m2/repository/commons-codec/commons-codec/1.2/commons-codec-1.2.jar:/Users/VinYarD/.m2/repository/com/google/code/gson/gson/1.7.2/gson-1.7.2.jar:/Users/VinYarD/.m2/repository/org/codehaus/jackson/jackson-core-asl/1.9.13/jackson-core-asl-1.9.13.jar:/Users/VinYarD/.m2/repository/org/codehaus/jackson/jackson-mapper-asl/1.9.13/jackson-mapper-asl-1.9.13.jar:/Users/VinYarD/.m2/repository/org/junit/jupiter/junit-jupiter-api/5.0.3/junit-jupiter-api-5.0.3.jar:/Users/VinYarD/.m2/repository/org/apiguardian/apiguardian-api/1.0.0/apiguardian-api-1.0.0.jar:/Users/VinYarD/.m2/repository/org/opentest4j/opentest4j/1.0.0/opentest4j-1.0.0.jar:/Users/VinYarD/.m2/repository/org/junit/platform/junit-platform-commons/1.0.3/junit-platform-commons-1.0.3.jar:/Users/VinYarD/.m2/repository/javax/xml/bind/jaxb-api/2.3.0/jaxb-api-2.3.0.jar:/Users/VinYarD/.m2/repository/junit/junit/4.11/junit-4.11.jar:/Users/VinYarD/.m2/repository/org/hamcrest/hamcrest-core/1.3/hamcrest-core-1.3.jar:"/>
    <property name="sun.cpu.endian" value="little"/>
    <property name="user.home" value="/Users/VinYarD"/>
    <property name="user.language" value="fr"/>
    <property name="java.specification.vendor" value="Oracle Corporation"/>
    <property name="java.version.date" value="2018-03-20"/>
    <property name="java.home" value="/Library/Java/JavaVirtualMachines/jdk-10.jdk/Contents/Home"/>
    <property name="file.separator" value="/"/>
    <property name="basedir" value="/Users/VinYarD/Documents/ISTIC/M1/S2/IPR/kilofees/KFHibernate"/>
    <property name="java.vm.compressedOopsMode" value="Zero based"/>
    <property name="line.separator" value="&#10;"/>
    <property name="java.specification.name" value="Java Platform API Specification"/>
    <property name="java.vm.specification.vendor" value="Oracle Corporation"/>
    <property name="java.awt.graphicsenv" value="sun.awt.CGraphicsEnvironment"/>
    <property name="surefire.real.class.path" value="/Users/VinYarD/Documents/ISTIC/M1/S2/IPR/kilofees/KFHibernate/target/surefire/surefirebooter17361776622696226194.jar"/>
    <property name="sun.management.compiler" value="HotSpot 64-Bit Tiered Compilers"/>
    <property name="ftp.nonProxyHosts" value="local|*.local|169.254/16|*.169.254/16"/>
    <property name="java.runtime.version" value="10+46"/>
    <property name="user.name" value="VinYarD"/>
    <property name="path.separator" value=":"/>
    <property name="os.version" value="10.13.3"/>
    <property name="java.runtime.name" value="Java(TM) SE Runtime Environment"/>
    <property name="file.encoding" value="UTF-8"/>
    <property name="java.vm.name" value="Java HotSpot(TM) 64-Bit Server VM"/>
    <property name="java.vendor.version" value="18.3"/>
    <property name="localRepository" value="/Users/VinYarD/.m2/repository"/>
    <property name="java.vendor.url.bug" value="http://bugreport.java.com/bugreport/"/>
    <property name="java.io.tmpdir" value="/var/folders/63/fwgxjd0x62s1gtl71hvt6fm00000gn/T/"/>
    <property name="java.version" value="10"/>
    <property name="user.dir" value="/Users/VinYarD/Documents/ISTIC/M1/S2/IPR/kilofees/KFHibernate"/>
    <property name="os.arch" value="x86_64"/>
    <property name="java.vm.specification.name" value="Java Virtual Machine Specification"/>
    <property name="java.awt.printerjob" value="sun.lwawt.macosx.CPrinterJob"/>
    <property name="user.language.format" value="en"/>
    <property name="sun.os.patch.level" value="unknown"/>
    <property name="java.library.path" value="/Users/VinYarD/Library/Java/Extensions:/Library/Java/Extensions:/Network/Library/Java/Extensions:/System/Library/Java/Extensions:/usr/lib/java:."/>
    <property name="java.vendor" value="Oracle Corporation"/>
    <property name="java.vm.info" value="mixed mode"/>
    <property name="java.vm.version" value="10+46"/>
    <property name="sun.io.unicode.encoding" value="UnicodeBig"/>
    <property name="java.class.version" value="54.0"/>
    <property name="socksNonProxyHosts" value="local|*.local|169.254/16|*.169.254/16"/>
  </properties>
  <testcase name="getFiscalHorsepower" classname="pro.vinyard.project.entity.peristence.CPCarTest" time="2.71"/>
  <testcase name="getRegistrationDate" classname="pro.vinyard.project.entity.peristence.CPCarTest" time="0.495"/>
  <testcase name="setEmployee" classname="pro.vinyard.project.entity.peristence.CPCarTest" time="0.453"/>
  <testcase name="getEmployee" classname="pro.vinyard.project.entity.peristence.CPCarTest" time="0.528"/>
  <testcase name="getId" classname="pro.vinyard.project.entity.peristence.CPCarTest" time="0.601"/>
  <testcase name="setId" classname="pro.vinyard.project.entity.peristence.CPCarTest" time="0.471"/>
  <testcase name="setFiscalHorsepower" classname="pro.vinyard.project.entity.peristence.CPCarTest" time="0.436"/>
  <testcase name="setRegistrationDate" classname="pro.vinyard.project.entity.peristence.CPCarTest" time="0.468"/>
  <testcase name="setModel" classname="pro.vinyard.project.entity.peristence.CPCarTest" time="0.452"/>
  <testcase name="getModel" classname="pro.vinyard.project.entity.peristence.CPCarTest" time="0.472"/>
</testsuite>